# JRE version: Java(TM) SE Runtime Environment (15.0.2+7) (build 15.0.2+7-27)
# Java VM: Java HotSpot(TM) 64-Bit Server VM (15.0.2+7-27, mixed mode, sharing, tiered, compressed oops, g1 gc, windows-amd64)
GC Precious Log:
 CPUs: 8 total, 8 available
 Memory: 16057M
 Large Page Support: Disabled
 NUMA Support: Disabled
 Compressed Oops: Enabled (32-bit)
 Heap Region Size: 1M
 Heap Min Capacity: 8M
 Heap Initial Capacity: 252M
 Heap Max Capacity: 2G
 Pre-touch: Disabled
 Parallel Workers: 8
 Concurrent Workers: 2
 Concurrent Refinement Workers: 8
 Periodic GC: Disabled
Heap:
 garbage-first heap   total 215040K, used 132493K [0x0000000080000000, 0x0000000100000000)
  region size 1024K, 15 young (15360K), 7 survivors (7168K)
 Metaspace       used 98820K, capacity 100115K, committed 100400K, reserved 1136640K
  class space    used 12734K, capacity 13134K, committed 13184K, reserved 1048576K
GC Heap History (20 events):
Event: 7.016 GC heap before
{Heap before GC invocations=20 (full 0):
 garbage-first heap   total 147456K, used 114755K [0x0000000080000000, 0x0000000100000000)
  region size 1024K, 35 young (35840K), 3 survivors (3072K)
 Metaspace       used 62631K, capacity 63712K, committed 63920K, reserved 1105920K
  class space    used 8141K, capacity 8431K, committed 8448K, reserved 1048576K
}
Event: 7.020 GC heap after
{Heap after GC invocations=21 (full 0):
 garbage-first heap   total 147456K, used 86308K [0x0000000080000000, 0x0000000100000000)
  region size 1024K, 5 young (5120K), 5 survivors (5120K)
 Metaspace       used 62631K, capacity 63712K, committed 63920K, reserved 1105920K
  class space    used 8141K, capacity 8431K, committed 8448K, reserved 1048576K
}
Event: 7.193 GC heap before
{Heap before GC invocations=22 (full 0):
 garbage-first heap   total 150528K, used 102692K [0x0000000080000000, 0x0000000100000000)
  region size 1024K, 22 young (22528K), 5 survivors (5120K)
 Metaspace       used 64099K, capacity 65222K, committed 65456K, reserved 1105920K
  class space    used 8292K, capacity 8591K, committed 8704K, reserved 1048576K
}
Event: 7.196 GC heap after
{Heap after GC invocations=23 (full 0):
 garbage-first heap   total 150528K, used 88193K [0x0000000080000000, 0x0000000100000000)
  region size 1024K, 2 young (2048K), 2 survivors (2048K)
 Metaspace       used 64099K, capacity 65222K, committed 65456K, reserved 1105920K
  class space    used 8292K, capacity 8591K, committed 8704K, reserved 1048576K
}
Event: 7.543 GC heap before
{Heap before GC invocations=24 (full 0):
 garbage-first heap   total 157696K, used 121985K [0x0000000080000000, 0x0000000100000000)
  region size 1024K, 34 young (34816K), 2 survivors (2048K)
 Metaspace       used 67150K, capacity 68304K, committed 68656K, reserved 1110016K
  class space    used 8662K, capacity 8977K, committed 9088K, reserved 1048576K
}
Event: 7.546 GC heap after
{Heap after GC invocations=25 (full 0):
 garbage-first heap   total 157696K, used 89696K [0x0000000080000000, 0x0000000100000000)
  region size 1024K, 4 young (4096K), 4 survivors (4096K)
 Metaspace       used 67150K, capacity 68304K, committed 68656K, reserved 1110016K
  class space    used 8662K, capacity 8977K, committed 9088K, reserved 1048576K
}
Event: 7.774 GC heap before
{Heap before GC invocations=25 (full 0):
 garbage-first heap   total 157696K, used 127584K [0x0000000080000000, 0x0000000100000000)
  region size 1024K, 41 young (41984K), 4 survivors (4096K)
 Metaspace       used 67649K, capacity 68862K, committed 68912K, reserved 1110016K
  class space    used 8722K, capacity 9055K, committed 9088K, reserved 1048576K
}
Event: 7.778 GC heap after
{Heap after GC invocations=26 (full 0):
 garbage-first heap   total 157696K, used 90723K [0x0000000080000000, 0x0000000100000000)
  region size 1024K, 4 young (4096K), 4 survivors (4096K)
 Metaspace       used 67649K, capacity 68862K, committed 68912K, reserved 1110016K
  class space    used 8722K, capacity 9055K, committed 9088K, reserved 1048576K
}
Event: 8.124 GC heap before
{Heap before GC invocations=27 (full 0):
 garbage-first heap   total 165888K, used 127587K [0x0000000080000000, 0x0000000100000000)
  region size 1024K, 40 young (40960K), 4 survivors (4096K)
 Metaspace       used 70128K, capacity 71392K, committed 71600K, reserved 1112064K
  class space    used 9032K, capacity 9409K, committed 9472K, reserved 1048576K
}
Event: 8.128 GC heap after
{Heap after GC invocations=28 (full 0):
 garbage-first heap   total 165888K, used 94067K [0x0000000080000000, 0x0000000100000000)
  region size 1024K, 5 young (5120K), 5 survivors (5120K)
 Metaspace       used 70128K, capacity 71392K, committed 71600K, reserved 1112064K
  class space    used 9032K, capacity 9409K, committed 9472K, reserved 1048576K
}
Event: 8.524 GC heap before
{Heap before GC invocations=28 (full 0):
 garbage-first heap   total 165888K, used 135027K [0x0000000080000000, 0x0000000100000000)
  region size 1024K, 45 young (46080K), 5 survivors (5120K)
 Metaspace       used 74890K, capacity 76145K, committed 76208K, reserved 1116160K
  class space    used 9822K, capacity 10191K, committed 10240K, reserved 1048576K
}
Event: 8.529 GC heap after
{Heap after GC invocations=29 (full 0):
 garbage-first heap   total 165888K, used 96827K [0x0000000080000000, 0x0000000100000000)
  region size 1024K, 3 young (3072K), 3 survivors (3072K)
 Metaspace       used 74890K, capacity 76145K, committed 76208K, reserved 1116160K
  class space    used 9822K, capacity 10191K, committed 10240K, reserved 1048576K
}
Event: 8.900 GC heap before
{Heap before GC invocations=30 (full 0):
 garbage-first heap   total 168960K, used 130619K [0x0000000080000000, 0x0000000100000000)
  region size 1024K, 37 young (37888K), 3 survivors (3072K)
 Metaspace       used 78900K, capacity 80309K, committed 80560K, reserved 1120256K
  class space    used 10262K, capacity 10652K, committed 10752K, reserved 1048576K
}
Event: 8.905 GC heap after
{Heap after GC invocations=31 (full 0):
 garbage-first heap   total 202752K, used 100865K [0x0000000080000000, 0x0000000100000000)
  region size 1024K, 6 young (6144K), 6 survivors (6144K)
 Metaspace       used 78900K, capacity 80309K, committed 80560K, reserved 1120256K
  class space    used 10262K, capacity 10652K, committed 10752K, reserved 1048576K
}
Event: 9.378 GC heap before
{Heap before GC invocations=32 (full 0):
 garbage-first heap   total 202752K, used 160257K [0x0000000080000000, 0x0000000100000000)
  region size 1024K, 55 young (56320K), 6 survivors (6144K)
 Metaspace       used 82251K, capacity 83526K, committed 83760K, reserved 1122304K
  class space    used 10690K, capacity 11071K, committed 11136K, reserved 1048576K
}
Event: 9.384 GC heap after
{Heap after GC invocations=33 (full 0):
 garbage-first heap   total 202752K, used 117766K [0x0000000080000000, 0x0000000100000000)
  region size 1024K, 9 young (9216K), 9 survivors (9216K)
 Metaspace       used 82251K, capacity 83526K, committed 83760K, reserved 1122304K
  class space    used 10690K, capacity 11071K, committed 11136K, reserved 1048576K
}
Event: 9.937 GC heap before
{Heap before GC invocations=34 (full 0):
 garbage-first heap   total 206848K, used 165894K [0x0000000080000000, 0x0000000100000000)
  region size 1024K, 55 young (56320K), 9 survivors (9216K)
 Metaspace       used 89704K, capacity 91038K, committed 91312K, reserved 1128448K
  class space    used 11614K, capacity 11999K, committed 12032K, reserved 1048576K
}
Event: 9.943 GC heap after
{Heap after GC invocations=35 (full 0):
 garbage-first heap   total 206848K, used 120526K [0x0000000080000000, 0x0000000100000000)
  region size 1024K, 4 young (4096K), 4 survivors (4096K)
 Metaspace       used 89704K, capacity 91038K, committed 91312K, reserved 1128448K
  class space    used 11614K, capacity 11999K, committed 12032K, reserved 1048576K
}
Event: 10.675 GC heap before
{Heap before GC invocations=35 (full 0):
 garbage-first heap   total 206848K, used 169678K [0x0000000080000000, 0x0000000100000000)
  region size 1024K, 52 young (53248K), 4 survivors (4096K)
 Metaspace       used 96694K, capacity 97953K, committed 98096K, reserved 1134592K
  class space    used 12459K, capacity 12843K, committed 12928K, reserved 1048576K
}
Event: 10.684 GC heap after
{Heap after GC invocations=36 (full 0):
 garbage-first heap   total 206848K, used 125325K [0x0000000080000000, 0x0000000100000000)
  region size 1024K, 7 young (7168K), 7 survivors (7168K)
 Metaspace       used 96694K, capacity 97953K, committed 98096K, reserved 1134592K
  class space    used 12459K, capacity 12843K, committed 12928K, reserved 1048576K
}

